TN:
SF:src\authService.js
FN:13,validateRegistrationInput
FN:33,registerUser
FN:54,loginUser
FN:76,resetStore
FNF:4
FNH:4
FNDA:69,validateRegistrationInput
FNDA:63,registerUser
FNDA:10,loginUser
FNDA:12,resetStore
DA:4,2
DA:14,69
DA:15,3
DA:17,66
DA:18,1
DA:20,65
DA:21,1
DA:23,64
DA:34,63
DA:35,63
DA:36,0
DA:39,63
DA:40,2
DA:44,61
DA:45,61
DA:55,10
DA:56,1
DA:59,9
DA:60,9
DA:61,2
DA:64,7
DA:65,1
DA:69,6
DA:70,6
DA:77,12
DA:80,2
LF:26
LH:25
BRDA:14,0,0,3
BRDA:14,0,1,66
BRDA:14,1,0,69
BRDA:14,1,1,67
BRDA:17,2,0,1
BRDA:17,2,1,65
BRDA:17,3,0,66
BRDA:17,3,1,66
BRDA:20,4,0,1
BRDA:20,4,1,64
BRDA:20,5,0,65
BRDA:20,5,1,65
BRDA:35,6,0,0
BRDA:35,6,1,63
BRDA:39,7,0,2
BRDA:39,7,1,61
BRDA:55,8,0,1
BRDA:55,8,1,9
BRDA:55,9,0,10
BRDA:55,9,1,9
BRDA:60,10,0,2
BRDA:60,10,1,7
BRDA:64,11,0,1
BRDA:64,11,1,6
BRF:24
BRH:23
end_of_record
